<?xml version="1.0" encoding="UTF-8"?>
<coverage generated="1767934511088" clover="3.2.0">
  <project timestamp="1767934511088" name="All files">
    <metrics statements="25" coveredstatements="9" conditionals="2" coveredconditionals="2" methods="3" coveredmethods="3" elements="30" coveredelements="14" complexity="0" loc="25" ncloc="25" packages="7" files="8" classes="8"/>
    <package name="(auth).launch">
      <metrics statements="2" coveredstatements="0" conditionals="0" coveredconditionals="0" methods="0" coveredmethods="0"/>
      <file name="styles.ts" path="/Users/jasonchoy/we-explore-earth/we-explore-earth/frontend/app/(auth)/launch/styles.ts">
        <metrics statements="2" coveredstatements="0" conditionals="0" coveredconditionals="0" methods="0" coveredmethods="0"/>
        <line num="1" count="0" type="stmt"/>
        <line num="3" count="0" type="stmt"/>
      </file>
    </package>
    <package name="(auth).login">
      <metrics statements="2" coveredstatements="0" conditionals="0" coveredconditionals="0" methods="0" coveredmethods="0"/>
      <file name="styles.ts" path="/Users/jasonchoy/we-explore-earth/we-explore-earth/frontend/app/(auth)/login/styles.ts">
        <metrics statements="2" coveredstatements="0" conditionals="0" coveredconditionals="0" methods="0" coveredmethods="0"/>
        <line num="1" count="0" type="stmt"/>
        <line num="3" count="0" type="stmt"/>
      </file>
    </package>
    <package name="(auth).reset">
      <metrics statements="2" coveredstatements="0" conditionals="0" coveredconditionals="0" methods="0" coveredmethods="0"/>
      <file name="styles.ts" path="/Users/jasonchoy/we-explore-earth/we-explore-earth/frontend/app/(auth)/reset/styles.ts">
        <metrics statements="2" coveredstatements="0" conditionals="0" coveredconditionals="0" methods="0" coveredmethods="0"/>
        <line num="1" count="0" type="stmt"/>
        <line num="3" count="0" type="stmt"/>
      </file>
    </package>
    <package name="(auth).signup">
      <metrics statements="2" coveredstatements="0" conditionals="0" coveredconditionals="0" methods="0" coveredmethods="0"/>
      <file name="styles.ts" path="/Users/jasonchoy/we-explore-earth/we-explore-earth/frontend/app/(auth)/signup/styles.ts">
        <metrics statements="2" coveredstatements="0" conditionals="0" coveredconditionals="0" methods="0" coveredmethods="0"/>
        <line num="1" count="0" type="stmt"/>
        <line num="3" count="0" type="stmt"/>
      </file>
    </package>
    <package name="components.BackButton">
      <metrics statements="2" coveredstatements="0" conditionals="0" coveredconditionals="0" methods="0" coveredmethods="0"/>
      <file name="styles.ts" path="/Users/jasonchoy/we-explore-earth/we-explore-earth/frontend/app/components/BackButton/styles.ts">
        <metrics statements="2" coveredstatements="0" conditionals="0" coveredconditionals="0" methods="0" coveredmethods="0"/>
        <line num="1" count="0" type="stmt"/>
        <line num="3" count="0" type="stmt"/>
      </file>
    </package>
    <package name="redux">
      <metrics statements="6" coveredstatements="0" conditionals="0" coveredconditionals="0" methods="0" coveredmethods="0"/>
      <file name="hooks.ts" path="/Users/jasonchoy/we-explore-earth/we-explore-earth/frontend/app/redux/hooks.ts">
        <metrics statements="3" coveredstatements="0" conditionals="0" coveredconditionals="0" methods="0" coveredmethods="0"/>
        <line num="1" count="0" type="stmt"/>
        <line num="4" count="0" type="stmt"/>
        <line num="5" count="0" type="stmt"/>
      </file>
      <file name="store.ts" path="/Users/jasonchoy/we-explore-earth/we-explore-earth/frontend/app/redux/store.ts">
        <metrics statements="3" coveredstatements="0" conditionals="0" coveredconditionals="0" methods="0" coveredmethods="0"/>
        <line num="1" count="0" type="stmt"/>
        <line num="2" count="0" type="stmt"/>
        <line num="4" count="0" type="stmt"/>
      </file>
    </package>
    <package name="redux.slices">
      <metrics statements="9" coveredstatements="9" conditionals="2" coveredconditionals="2" methods="3" coveredmethods="3"/>
      <file name="userSlice.ts" path="/Users/jasonchoy/we-explore-earth/we-explore-earth/frontend/app/redux/slices/userSlice.ts">
        <metrics statements="9" coveredstatements="9" conditionals="2" coveredconditionals="2" methods="3" coveredmethods="3"/>
        <line num="1" count="1" type="stmt"/>
        <line num="16" count="1" type="stmt"/>
        <line num="21" count="8" type="stmt"/>
        <line num="25" count="4" type="stmt"/>
        <line num="29" count="11" type="cond" truecount="2" falsecount="0"/>
        <line num="30" count="9" type="stmt"/>
        <line num="35" count="2" type="stmt"/>
        <line num="40" count="1" type="stmt"/>
        <line num="41" count="1" type="stmt"/>
      </file>
    </package>
  </project>
</coverage>
