{"/Users/jasonchoy/we-explore-earth/we-explore-earth/frontend/app/(auth)/launch/styles.ts": {"path":"/Users/jasonchoy/we-explore-earth/we-explore-earth/frontend/app/(auth)/launch/styles.ts","statementMap":{"0":{"start":{"line":1,"column":0},"end":{"line":1,"column":42}},"1":{"start":{"line":3,"column":13},"end":{"line":81,"column":3}}},"fnMap":{},"branchMap":{},"s":{"0":0,"1":0},"f":{},"b":{}}
,"/Users/jasonchoy/we-explore-earth/we-explore-earth/frontend/app/(auth)/login/styles.ts": {"path":"/Users/jasonchoy/we-explore-earth/we-explore-earth/frontend/app/(auth)/login/styles.ts","statementMap":{"0":{"start":{"line":1,"column":0},"end":{"line":1,"column":42}},"1":{"start":{"line":3,"column":13},"end":{"line":42,"column":3}}},"fnMap":{},"branchMap":{},"s":{"0":0,"1":0},"f":{},"b":{}}
,"/Users/jasonchoy/we-explore-earth/we-explore-earth/frontend/app/(auth)/reset/styles.ts": {"path":"/Users/jasonchoy/we-explore-earth/we-explore-earth/frontend/app/(auth)/reset/styles.ts","statementMap":{"0":{"start":{"line":1,"column":0},"end":{"line":1,"column":42}},"1":{"start":{"line":3,"column":13},"end":{"line":36,"column":3}}},"fnMap":{},"branchMap":{},"s":{"0":0,"1":0},"f":{},"b":{}}
,"/Users/jasonchoy/we-explore-earth/we-explore-earth/frontend/app/(auth)/signup/styles.ts": {"path":"/Users/jasonchoy/we-explore-earth/we-explore-earth/frontend/app/(auth)/signup/styles.ts","statementMap":{"0":{"start":{"line":1,"column":0},"end":{"line":1,"column":42}},"1":{"start":{"line":3,"column":13},"end":{"line":73,"column":3}}},"fnMap":{},"branchMap":{},"s":{"0":0,"1":0},"f":{},"b":{}}
,"/Users/jasonchoy/we-explore-earth/we-explore-earth/frontend/app/components/BackButton/styles.ts": {"path":"/Users/jasonchoy/we-explore-earth/we-explore-earth/frontend/app/components/BackButton/styles.ts","statementMap":{"0":{"start":{"line":1,"column":0},"end":{"line":1,"column":42}},"1":{"start":{"line":3,"column":13},"end":{"line":17,"column":3}}},"fnMap":{},"branchMap":{},"s":{"0":0,"1":0},"f":{},"b":{}}
,"/Users/jasonchoy/we-explore-earth/we-explore-earth/frontend/app/redux/hooks.ts": {"path":"/Users/jasonchoy/we-explore-earth/we-explore-earth/frontend/app/redux/hooks.ts","statementMap":{"0":{"start":{"line":1,"column":0},"end":{"line":1,"column":55}},"1":{"start":{"line":4,"column":13},"end":{"line":4,"column":67}},"2":{"start":{"line":5,"column":13},"end":{"line":5,"column":65}}},"fnMap":{},"branchMap":{},"s":{"0":0,"1":0,"2":0},"f":{},"b":{}}
,"/Users/jasonchoy/we-explore-earth/we-explore-earth/frontend/app/redux/store.ts": {"path":"/Users/jasonchoy/we-explore-earth/we-explore-earth/frontend/app/redux/store.ts","statementMap":{"0":{"start":{"line":1,"column":0},"end":{"line":1,"column":50}},"1":{"start":{"line":2,"column":0},"end":{"line":2,"column":49}},"2":{"start":{"line":4,"column":13},"end":{"line":8,"column":3}}},"fnMap":{},"branchMap":{},"s":{"0":0,"1":0,"2":0},"f":{},"b":{}}
,"/Users/jasonchoy/we-explore-earth/we-explore-earth/frontend/app/redux/slices/userSlice.ts": {"path":"/Users/jasonchoy/we-explore-earth/we-explore-earth/frontend/app/redux/slices/userSlice.ts","statementMap":{"0":{"start":{"line":1,"column":0},"end":{"line":1,"column":47}},"1":{"start":{"line":16,"column":18},"end":{"line":38,"column":2}},"2":{"start":{"line":21,"column":12},"end":{"line":21,"column":34}},"3":{"start":{"line":25,"column":12},"end":{"line":25,"column":24}},"4":{"start":{"line":29,"column":12},"end":{"line":34,"column":13}},"5":{"start":{"line":30,"column":16},"end":{"line":33,"column":18}},"6":{"start":{"line":35,"column":12},"end":{"line":35,"column":25}},"7":{"start":{"line":40,"column":13},"end":{"line":40,"column":65}},"8":{"start":{"line":41,"column":13},"end":{"line":41,"column":45}}},"fnMap":{"0":{"name":"(anonymous_0)","decl":{"start":{"line":20,"column":22},"end":{"line":20,"column":23}},"loc":{"start":{"line":20,"column":61},"end":{"line":22,"column":9}}},"1":{"name":"(anonymous_1)","decl":{"start":{"line":24,"column":24},"end":{"line":24,"column":27}},"loc":{"start":{"line":24,"column":29},"end":{"line":26,"column":9}}},"2":{"name":"(anonymous_2)","decl":{"start":{"line":28,"column":25},"end":{"line":28,"column":26}},"loc":{"start":{"line":28,"column":64},"end":{"line":36,"column":9}}}},"branchMap":{"0":{"loc":{"start":{"line":29,"column":12},"end":{"line":34,"column":13}},"type":"if","locations":[{"start":{"line":29,"column":12},"end":{"line":34,"column":13}},{"start":{},"end":{}}]}},"s":{"0":1,"1":1,"2":8,"3":4,"4":11,"5":9,"6":2,"7":1,"8":1},"f":{"0":8,"1":4,"2":11},"b":{"0":[9,2]}}
}
